<?xml version="1.0" encoding="UTF-8"?>
<testng-results skipped="0" failed="0" total="1" passed="1">
  <reporter-output>
  </reporter-output>
  <suite name="Surefire suite" duration-ms="75" started-at="2021-06-03T08:47:45Z" finished-at="2021-06-03T08:47:45Z">
    <groups>
    </groups>
    <test name="Surefire test" duration-ms="75" started-at="2021-06-03T08:47:45Z" finished-at="2021-06-03T08:47:45Z">
      <class name="Last.Straw.AppTest">
        <test-method status="PASS" signature="shouldAnswerWithTrue()[pri:0, instance:shouldAnswerWithTrue(Last.Straw.AppTest)]" name="shouldAnswerWithTrue" duration-ms="1" started-at="2021-06-03T09:47:45Z" finished-at="2021-06-03T09:47:45Z">
          <reporter-output>
          </reporter-output>
        </test-method> <!-- shouldAnswerWithTrue -->
      </class> <!-- Last.Straw.AppTest -->
    </test> <!-- Surefire test -->
  </suite> <!-- Surefire suite -->
</testng-results>
