<?xml version="1.0" encoding="UTF-8"?>
<testng-results total="1" passed="1" failed="0" skipped="0">
  <reporter-output>
  </reporter-output>
  <suite started-at="2021-06-03T08:37:08Z" name="Suite" finished-at="2021-06-03T08:37:29Z" duration-ms="21492">
    <groups>
      <group name="cucumber">
        <method signature="AbstractTestNGCucumberTests.feature(cucumber.api.testng.CucumberFeatureWrapper)[pri:0, instance:cucumberOptions.TestRunner@662706a7]" name="feature" class="cucumber.api.testng.AbstractTestNGCucumberTests"/>
      </group> <!-- cucumber -->
    </groups>
    <test started-at="2021-06-03T08:37:08Z" name="Test" finished-at="2021-06-03T08:37:29Z" duration-ms="21492">
      <class name="cucumberOptions.TestRunner">
        <test-method is-config="true" signature="setUpClass()[pri:0, instance:cucumberOptions.TestRunner@662706a7]" started-at="2021-06-03T09:37:08Z" name="setUpClass" finished-at="2021-06-03T09:37:08Z" duration-ms="454" status="PASS">
          <reporter-output>
          </reporter-output>
        </test-method> <!-- setUpClass -->
        <test-method signature="feature(cucumber.api.testng.CucumberFeatureWrapper)[pri:0, instance:cucumberOptions.TestRunner@662706a7]" started-at="2021-06-03T09:37:08Z" name="feature" description="Runs Cucumber Feature" data-provider="features" finished-at="2021-06-03T09:37:29Z" duration-ms="20904" status="PASS">
          <params>
            <param index="0">
              <value>
                <![CDATA[Log In Error Message]]>
              </value>
            </param>
          </params>
          <reporter-output>
          </reporter-output>
        </test-method> <!-- feature -->
        <test-method is-config="true" signature="tearDownClass()[pri:0, instance:cucumberOptions.TestRunner@662706a7]" started-at="2021-06-03T09:37:29Z" name="tearDownClass" finished-at="2021-06-03T09:37:29Z" duration-ms="5" status="PASS">
          <reporter-output>
          </reporter-output>
        </test-method> <!-- tearDownClass -->
      </class> <!-- cucumberOptions.TestRunner -->
    </test> <!-- Test -->
  </suite> <!-- Suite -->
</testng-results>
